<?xml version="1.0" encoding="UTF-8"?>
<testng-results skipped="0" failed="1" ignored="0" total="3" passed="2">
  <reporter-output>
  </reporter-output>
  <suite name="Default suite" duration-ms="98092" started-at="2019-01-03T16:09:05Z" finished-at="2019-01-03T16:10:44Z">
    <groups>
      <group name="cucumber">
        <method signature="AbstractTestNGCucumberTests.feature(cucumber.api.testng.CucumberFeatureWrapper)[pri:0, instance:Runner.TestRunner@2f177a4b]" name="feature" class="cucumber.api.testng.AbstractTestNGCucumberTests"/>
      </group> <!-- cucumber -->
    </groups>
    <test name="Default test" duration-ms="98092" started-at="2019-01-03T16:09:05Z" finished-at="2019-01-03T16:10:44Z">
      <class name="Runner.TestRunner">
        <test-method status="PASS" signature="setUpClass()[pri:0, instance:Runner.TestRunner@2f177a4b]" name="setUpClass" is-config="true" duration-ms="845" started-at="2019-01-03T16:09:06Z" finished-at="2019-01-03T16:09:06Z">
          <reporter-output>
          </reporter-output>
        </test-method> <!-- setUpClass -->
        <test-method status="PASS" signature="feature(cucumber.api.testng.CucumberFeatureWrapper)[pri:0, instance:Runner.TestRunner@2f177a4b]" name="feature" duration-ms="35478" started-at="2019-01-03T16:09:07Z" description="Runs Cucumber Feature" data-provider="features" finished-at="2019-01-03T16:09:42Z">
          <params>
            <param index="0">
              <value>
                <![CDATA[Search Google]]>
              </value>
            </param>
          </params>
          <reporter-output>
          </reporter-output>
        </test-method> <!-- feature -->
        <test-method status="FAIL" signature="feature(cucumber.api.testng.CucumberFeatureWrapper)[pri:0, instance:Runner.TestRunner@2f177a4b]" name="feature" duration-ms="53217" started-at="2019-01-03T16:09:43Z" description="Runs Cucumber Feature" data-provider="features" finished-at="2019-01-03T16:10:36Z">
          <params>
            <param index="0">
              <value>
                <![CDATA[Make Payment]]>
              </value>
            </param>
          </params>
          <exception class="cucumber.runtime.CucumberException">
            <message>
              <![CDATA[org.openqa.selenium.WebDriverException: Method has not yet been implemented (WARNING: The server did not provide any stacktrace information)
Command duration or timeout: 0 milliseconds
Build info: version: '3.14.0', revision: 'aacccce0', time: '2018-08-02T20:19:58.91Z'
System info: host: 'KUSHAN', ip: '192.168.179.2', os.name: 'Windows 8.1', os.arch: 'amd64', os.version: '6.3', java.version: '1.8.0_191'
Driver info: org.openqa.selenium.remote.RemoteWebDriver
Capabilities {BROWSER_NAME: Android, appActivity: .LoginActivity, appPackage: com.experitest.ExperiBank, databaseEnabled: false, desired: {BROWSER_NAME: Android, appActivity: .LoginActivity, appPackage: com.experitest.ExperiBank, deviceName: AVY9KA9631900412, platformName: Android}, deviceManufacturer: HUAWEI, deviceModel: HUAWEI TIT-AL00, deviceName: AVY9KA9631900412, deviceScreenSize: 720x1280, deviceUDID: AVY9KA9631900412, javascriptEnabled: true, locationContextEnabled: false, networkConnectionEnabled: true, platform: LINUX, platformName: LINUX, platformVersion: 5.1, takesScreenshot: true, warnings: {}, webStorageEnabled: false}
Session ID: f1a39cb1-9e53-4f86-afe1-e145cf0dee16]]>
            </message>
            <full-stacktrace>
              <![CDATA[cucumber.runtime.CucumberException: org.openqa.selenium.WebDriverException: Method has not yet been implemented (WARNING: The server did not provide any stacktrace information)
Command duration or timeout: 0 milliseconds
Build info: version: '3.14.0', revision: 'aacccce0', time: '2018-08-02T20:19:58.91Z'
System info: host: 'KUSHAN', ip: '192.168.179.2', os.name: 'Windows 8.1', os.arch: 'amd64', os.version: '6.3', java.version: '1.8.0_191'
Driver info: org.openqa.selenium.remote.RemoteWebDriver
Capabilities {BROWSER_NAME: Android, appActivity: .LoginActivity, appPackage: com.experitest.ExperiBank, databaseEnabled: false, desired: {BROWSER_NAME: Android, appActivity: .LoginActivity, appPackage: com.experitest.ExperiBank, deviceName: AVY9KA9631900412, platformName: Android}, deviceManufacturer: HUAWEI, deviceModel: HUAWEI TIT-AL00, deviceName: AVY9KA9631900412, deviceScreenSize: 720x1280, deviceUDID: AVY9KA9631900412, javascriptEnabled: true, locationContextEnabled: false, networkConnectionEnabled: true, platform: LINUX, platformName: LINUX, platformVersion: 5.1, takesScreenshot: true, warnings: {}, webStorageEnabled: false}
Session ID: f1a39cb1-9e53-4f86-afe1-e145cf0dee16
at cucumber.api.testng.TestNGCucumberRunner.runCucumber(TestNGCucumberRunner.java:69)
at cucumber.api.testng.AbstractTestNGCucumberTests.feature(AbstractTestNGCucumberTests.java:21)
at sun.reflect.NativeMethodAccessorImpl.invoke0(Native Method)
at sun.reflect.NativeMethodAccessorImpl.invoke(NativeMethodAccessorImpl.java:62)
at sun.reflect.DelegatingMethodAccessorImpl.invoke(DelegatingMethodAccessorImpl.java:43)
at java.lang.reflect.Method.invoke(Method.java:498)
at org.testng.internal.MethodInvocationHelper.invokeMethod(MethodInvocationHelper.java:124)
at org.testng.internal.Invoker.invokeMethod(Invoker.java:580)
at org.testng.internal.Invoker.invokeTestMethod(Invoker.java:716)
at org.testng.internal.Invoker.invokeTestMethods(Invoker.java:988)
at org.testng.internal.TestMethodWorker.invokeTestMethods(TestMethodWorker.java:125)
at org.testng.internal.TestMethodWorker.run(TestMethodWorker.java:109)
at org.testng.TestRunner.privateRun(TestRunner.java:648)
at org.testng.TestRunner.run(TestRunner.java:505)
at org.testng.SuiteRunner.runTest(SuiteRunner.java:455)
at org.testng.SuiteRunner.runSequentially(SuiteRunner.java:450)
at org.testng.SuiteRunner.privateRun(SuiteRunner.java:415)
at org.testng.SuiteRunner.run(SuiteRunner.java:364)
at org.testng.SuiteRunnerWorker.runSuite(SuiteRunnerWorker.java:52)
at org.testng.SuiteRunnerWorker.run(SuiteRunnerWorker.java:84)
at org.testng.TestNG.runSuitesSequentially(TestNG.java:1208)
at org.testng.TestNG.runSuitesLocally(TestNG.java:1137)
at org.testng.TestNG.runSuites(TestNG.java:1049)
at org.testng.TestNG.run(TestNG.java:1017)
at org.testng.remote.AbstractRemoteTestNG.run(AbstractRemoteTestNG.java:114)
at org.testng.remote.RemoteTestNG.initAndRun(RemoteTestNG.java:251)
at org.testng.remote.RemoteTestNG.main(RemoteTestNG.java:77)
Caused by: org.openqa.selenium.WebDriverException: Method has not yet been implemented (WARNING: The server did not provide any stacktrace information)
Command duration or timeout: 0 milliseconds
Build info: version: '3.14.0', revision: 'aacccce0', time: '2018-08-02T20:19:58.91Z'
System info: host: 'KUSHAN', ip: '192.168.179.2', os.name: 'Windows 8.1', os.arch: 'amd64', os.version: '6.3', java.version: '1.8.0_191'
Driver info: org.openqa.selenium.remote.RemoteWebDriver
Capabilities {BROWSER_NAME: Android, appActivity: .LoginActivity, appPackage: com.experitest.ExperiBank, databaseEnabled: false, desired: {BROWSER_NAME: Android, appActivity: .LoginActivity, appPackage: com.experitest.ExperiBank, deviceName: AVY9KA9631900412, platformName: Android}, deviceManufacturer: HUAWEI, deviceModel: HUAWEI TIT-AL00, deviceName: AVY9KA9631900412, deviceScreenSize: 720x1280, deviceUDID: AVY9KA9631900412, javascriptEnabled: true, locationContextEnabled: false, networkConnectionEnabled: true, platform: LINUX, platformName: LINUX, platformVersion: 5.1, takesScreenshot: true, warnings: {}, webStorageEnabled: false}
Session ID: f1a39cb1-9e53-4f86-afe1-e145cf0dee16
at sun.reflect.NativeConstructorAccessorImpl.newInstance0(Native Method)
at sun.reflect.NativeConstructorAccessorImpl.newInstance(NativeConstructorAccessorImpl.java:62)
at sun.reflect.DelegatingConstructorAccessorImpl.newInstance(DelegatingConstructorAccessorImpl.java:45)
at java.lang.reflect.Constructor.newInstance(Constructor.java:423)
at org.openqa.selenium.remote.ErrorHandler.createThrowable(ErrorHandler.java:214)
at org.openqa.selenium.remote.ErrorHandler.throwIfResponseFailed(ErrorHandler.java:166)
at org.openqa.selenium.remote.http.JsonHttpResponseCodec.reconstructValue(JsonHttpResponseCodec.java:40)
at org.openqa.selenium.remote.http.AbstractHttpResponseCodec.decode(AbstractHttpResponseCodec.java:80)
at org.openqa.selenium.remote.http.AbstractHttpResponseCodec.decode(AbstractHttpResponseCodec.java:44)
at org.openqa.selenium.remote.HttpCommandExecutor.execute(HttpCommandExecutor.java:158)
at org.openqa.selenium.remote.RemoteWebDriver.execute(RemoteWebDriver.java:548)
at org.openqa.selenium.remote.RemoteWebDriver.execute(RemoteWebDriver.java:605)
at org.openqa.selenium.remote.RemoteWebDriver.close(RemoteWebDriver.java:438)
at stepdefs.MakePayment.app_should_accept_the_payment(MakePayment.java:39)
at âœ½.Then App should accept the payment(makepayment.feature:8)
]]>
            </full-stacktrace>
          </exception> <!-- cucumber.runtime.CucumberException -->
          <reporter-output>
          </reporter-output>
        </test-method> <!-- feature -->
        <test-method status="PASS" signature="feature(cucumber.api.testng.CucumberFeatureWrapper)[pri:0, instance:Runner.TestRunner@2f177a4b]" name="feature" duration-ms="7594" started-at="2019-01-03T16:10:36Z" description="Runs Cucumber Feature" data-provider="features" finished-at="2019-01-03T16:10:44Z">
          <params>
            <param index="0">
              <value>
                <![CDATA[Get Weather Info]]>
              </value>
            </param>
          </params>
          <reporter-output>
          </reporter-output>
        </test-method> <!-- feature -->
        <test-method status="PASS" signature="tearDownClass()[pri:0, instance:Runner.TestRunner@2f177a4b]" name="tearDownClass" is-config="true" duration-ms="10" started-at="2019-01-03T16:10:44Z" finished-at="2019-01-03T16:10:44Z">
          <reporter-output>
          </reporter-output>
        </test-method> <!-- tearDownClass -->
      </class> <!-- Runner.TestRunner -->
    </test> <!-- Default test -->
  </suite> <!-- Default suite -->
</testng-results>
